<?xml version="1.0" encoding="UTF-8"?>
<testng-results ignored="0" total="0" passed="0" failed="0" skipped="0">
  <reporter-output>
  </reporter-output>
  <suite started-at="2022-01-06T16:36:36 IST" name="ERP Stock Accounting" finished-at="2022-01-06T16:36:36 IST" duration-ms="7">
    <groups>
    </groups>
    <test started-at="2022-01-06T16:36:36 IST" name="LoginPage Module" finished-at="2022-01-06T16:36:36 IST" duration-ms="7">
    </test> <!-- LoginPage Module -->
  </suite> <!-- ERP Stock Accounting -->
</testng-results>
